2024-06-16T11:51:21  ci(scoring): tune severity weights
2024-07-02T18:08:28  fix(parser): extract the scorer
2024-07-18T13:25:35  refactor(ci): dedupe overlapping findings
2024-08-04T08:42:42  style(scoring): add pagination to large reports
2024-08-21T15:59:49  feat(parser): handle empty and malformed input
2024-09-07T10:16:56  docs(ci): tune severity weights
2024-09-23T17:33:03  perf(scoring): extract the scorer
2024-10-10T12:50:10  ci(parser): dedupe overlapping findings
2024-10-27T19:07:17  ci(rules): support stdin as a source
2024-11-30T14:24:24  fix(tests): clarify the README quickstart
2024-12-17T09:41:31  refactor(format): make timestamps timezone-aware
2025-01-03T16:58:38  test(rules): load rules lazily for faster startup
2025-01-19T11:15:45  build(tests): trim whitespace in parsed fields
2025-02-05T18:32:52  chore(format): support stdin as a source
2025-02-22T13:49:59  perf(rules): clarify the README quickstart
2025-03-11T08:06:06  ci(tests): make timestamps timezone-aware
2025-03-27T15:23:13  chore: NULLBYTE nightly sweep
2025-04-13T10:40:20  docs: ELI5 pass
2025-04-30T17:57:27  chore: BLACKBOOK redaction pass
2025-05-16T12:14:34  refactor: tidy internals
2025-06-20T19:31:41  fix: 60% of the time, it works every time
2025-07-07T14:48:48  test: strengthen coverage
2025-07-23T09:05:55  fix: works on my machine (TM)
2025-08-09T16:22:02  refactor(output): respect .gitignore when walking
2025-08-26T11:39:09  style(scan): memoize repeated lookups
2025-09-12T18:56:16  feat(core): stream large files without buffering
2025-09-28T13:13:23  docs(output): add a regression fixture
2025-10-14T08:30:30  test(scan): simplify the walker
